[2024-10-09T17:23:34.756+0000] {taskinstance.py:1956} INFO - Dependencies all met for dep_context=non-requeueable deps ti=<TaskInstance: etl_demo_dag.extract manual__2024-10-09T17:23:33.495078+00:00 [queued]>
[2024-10-09T17:23:34.762+0000] {taskinstance.py:1956} INFO - Dependencies all met for dep_context=requeueable deps ti=<TaskInstance: etl_demo_dag.extract manual__2024-10-09T17:23:33.495078+00:00 [queued]>
[2024-10-09T17:23:34.762+0000] {taskinstance.py:2170} INFO - Starting attempt 1 of 1
[2024-10-09T17:23:34.773+0000] {taskinstance.py:2191} INFO - Executing <Task(PythonOperator): extract> on 2024-10-09 17:23:33.495078+00:00
[2024-10-09T17:23:34.780+0000] {standard_task_runner.py:60} INFO - Started process 211 to run task
[2024-10-09T17:23:34.784+0000] {standard_task_runner.py:87} INFO - Running: ['***', 'tasks', 'run', 'etl_demo_dag', 'extract', 'manual__2024-10-09T17:23:33.495078+00:00', '--job-id', '3', '--raw', '--subdir', 'DAGS_FOLDER/etl_dag.py', '--cfg-path', '/tmp/tmpq2mploxd']
[2024-10-09T17:23:34.786+0000] {standard_task_runner.py:88} INFO - Job 3: Subtask extract
[2024-10-09T17:23:34.837+0000] {task_command.py:423} INFO - Running <TaskInstance: etl_demo_dag.extract manual__2024-10-09T17:23:33.495078+00:00 [running]> on host d9c07f23d68a
[2024-10-09T17:23:34.900+0000] {taskinstance.py:2480} INFO - Exporting env vars: AIRFLOW_CTX_DAG_OWNER='***' AIRFLOW_CTX_DAG_ID='etl_demo_dag' AIRFLOW_CTX_TASK_ID='extract' AIRFLOW_CTX_EXECUTION_DATE='2024-10-09T17:23:33.495078+00:00' AIRFLOW_CTX_TRY_NUMBER='1' AIRFLOW_CTX_DAG_RUN_ID='manual__2024-10-09T17:23:33.495078+00:00'
[2024-10-09T17:23:34.902+0000] {logging_mixin.py:188} INFO - Error: module 'sqlalchemy.dialects.postgresql.psycopg2' has no attribute 'connect'
[2024-10-09T17:23:34.903+0000] {taskinstance.py:2698} ERROR - Task failed with exception
Traceback (most recent call last):
  File "/home/airflow/.local/lib/python3.8/site-packages/airflow/models/taskinstance.py", line 433, in _execute_task
    result = execute_callable(context=context, **execute_callable_kwargs)
  File "/home/airflow/.local/lib/python3.8/site-packages/airflow/operators/python.py", line 199, in execute
    return_value = self.execute_callable()
  File "/home/airflow/.local/lib/python3.8/site-packages/airflow/operators/python.py", line 216, in execute_callable
    return self.python_callable(*self.op_args, **self.op_kwargs)
  File "/opt/airflow/dags/etl_dag.py", line 38, in extract
    cursor.close()
UnboundLocalError: local variable 'cursor' referenced before assignment
[2024-10-09T17:23:34.909+0000] {taskinstance.py:1138} INFO - Marking task as FAILED. dag_id=etl_demo_dag, task_id=extract, execution_date=20241009T172333, start_date=20241009T172334, end_date=20241009T172334
[2024-10-09T17:23:34.917+0000] {standard_task_runner.py:107} ERROR - Failed to execute job 3 for task extract (local variable 'cursor' referenced before assignment; 211)
[2024-10-09T17:23:34.924+0000] {local_task_job_runner.py:234} INFO - Task exited with return code 1
[2024-10-09T17:23:34.946+0000] {taskinstance.py:3280} INFO - 0 downstream tasks scheduled from follow-on schedule check
