[2024-10-10T07:42:24.807+0000] {processor.py:161} INFO - Started process (PID=194) to work on /opt/airflow/dags/etl_dag.py
[2024-10-10T07:42:24.813+0000] {processor.py:830} INFO - Processing file /opt/airflow/dags/etl_dag.py for tasks to queue
[2024-10-10T07:42:24.816+0000] {logging_mixin.py:188} INFO - [2024-10-10T07:42:24.815+0000] {dagbag.py:538} INFO - Filling up the DagBag from /opt/airflow/dags/etl_dag.py
[2024-10-10T07:42:25.942+0000] {logging_mixin.py:188} INFO - [2024-10-10T07:42:25.941+0000] {dagbag.py:348} ERROR - Failed to import: /opt/airflow/dags/etl_dag.py
Traceback (most recent call last):
  File "/home/airflow/.local/lib/python3.8/site-packages/airflow/models/dagbag.py", line 344, in parse
    loader.exec_module(new_module)
  File "<frozen importlib._bootstrap_external>", line 843, in exec_module
  File "<frozen importlib._bootstrap>", line 219, in _call_with_frames_removed
  File "/opt/airflow/dags/etl_dag.py", line 91, in <module>
    python_callable=extract
NameError: name 'extract' is not defined
[2024-10-10T07:42:25.943+0000] {processor.py:842} WARNING - No viable dags retrieved from /opt/airflow/dags/etl_dag.py
[2024-10-10T07:42:25.959+0000] {processor.py:183} INFO - Processing /opt/airflow/dags/etl_dag.py took 1.157 seconds
[2024-10-10T07:42:56.127+0000] {processor.py:161} INFO - Started process (PID=206) to work on /opt/airflow/dags/etl_dag.py
[2024-10-10T07:42:56.128+0000] {processor.py:830} INFO - Processing file /opt/airflow/dags/etl_dag.py for tasks to queue
[2024-10-10T07:42:56.129+0000] {logging_mixin.py:188} INFO - [2024-10-10T07:42:56.129+0000] {dagbag.py:538} INFO - Filling up the DagBag from /opt/airflow/dags/etl_dag.py
[2024-10-10T07:42:56.528+0000] {logging_mixin.py:188} INFO - [2024-10-10T07:42:56.527+0000] {dagbag.py:348} ERROR - Failed to import: /opt/airflow/dags/etl_dag.py
Traceback (most recent call last):
  File "/home/airflow/.local/lib/python3.8/site-packages/airflow/models/dagbag.py", line 344, in parse
    loader.exec_module(new_module)
  File "<frozen importlib._bootstrap_external>", line 843, in exec_module
  File "<frozen importlib._bootstrap>", line 219, in _call_with_frames_removed
  File "/opt/airflow/dags/etl_dag.py", line 91, in <module>
    python_callable=extract
NameError: name 'extract' is not defined
[2024-10-10T07:42:56.528+0000] {processor.py:842} WARNING - No viable dags retrieved from /opt/airflow/dags/etl_dag.py
[2024-10-10T07:42:56.540+0000] {processor.py:183} INFO - Processing /opt/airflow/dags/etl_dag.py took 0.416 seconds
[2024-10-10T07:43:10.339+0000] {processor.py:161} INFO - Started process (PID=218) to work on /opt/airflow/dags/etl_dag.py
[2024-10-10T07:43:10.341+0000] {processor.py:830} INFO - Processing file /opt/airflow/dags/etl_dag.py for tasks to queue
[2024-10-10T07:43:10.342+0000] {logging_mixin.py:188} INFO - [2024-10-10T07:43:10.342+0000] {dagbag.py:538} INFO - Filling up the DagBag from /opt/airflow/dags/etl_dag.py
[2024-10-10T07:43:10.841+0000] {processor.py:840} INFO - DAG(s) 'etl_demo_dag' retrieved from /opt/airflow/dags/etl_dag.py
[2024-10-10T07:43:10.921+0000] {logging_mixin.py:188} INFO - [2024-10-10T07:43:10.921+0000] {dag.py:3036} INFO - Sync 1 DAGs
[2024-10-10T07:43:10.928+0000] {logging_mixin.py:188} INFO - [2024-10-10T07:43:10.928+0000] {dag.py:3823} INFO - Setting next_dagrun for etl_demo_dag to None, run_after=None
[2024-10-10T07:43:10.944+0000] {processor.py:183} INFO - Processing /opt/airflow/dags/etl_dag.py took 0.611 seconds
[2024-10-10T07:43:41.232+0000] {processor.py:161} INFO - Started process (PID=239) to work on /opt/airflow/dags/etl_dag.py
[2024-10-10T07:43:41.233+0000] {processor.py:830} INFO - Processing file /opt/airflow/dags/etl_dag.py for tasks to queue
[2024-10-10T07:43:41.234+0000] {logging_mixin.py:188} INFO - [2024-10-10T07:43:41.234+0000] {dagbag.py:538} INFO - Filling up the DagBag from /opt/airflow/dags/etl_dag.py
[2024-10-10T07:43:41.551+0000] {processor.py:840} INFO - DAG(s) 'etl_demo_dag' retrieved from /opt/airflow/dags/etl_dag.py
[2024-10-10T07:43:41.566+0000] {logging_mixin.py:188} INFO - [2024-10-10T07:43:41.565+0000] {dag.py:3036} INFO - Sync 1 DAGs
[2024-10-10T07:43:41.573+0000] {logging_mixin.py:188} INFO - [2024-10-10T07:43:41.573+0000] {dag.py:3823} INFO - Setting next_dagrun for etl_demo_dag to None, run_after=None
[2024-10-10T07:43:41.586+0000] {processor.py:183} INFO - Processing /opt/airflow/dags/etl_dag.py took 0.358 seconds
[2024-10-10T07:44:11.893+0000] {processor.py:161} INFO - Started process (PID=251) to work on /opt/airflow/dags/etl_dag.py
[2024-10-10T07:44:11.895+0000] {processor.py:830} INFO - Processing file /opt/airflow/dags/etl_dag.py for tasks to queue
[2024-10-10T07:44:11.896+0000] {logging_mixin.py:188} INFO - [2024-10-10T07:44:11.896+0000] {dagbag.py:538} INFO - Filling up the DagBag from /opt/airflow/dags/etl_dag.py
[2024-10-10T07:44:12.262+0000] {processor.py:840} INFO - DAG(s) 'etl_demo_dag' retrieved from /opt/airflow/dags/etl_dag.py
[2024-10-10T07:44:12.278+0000] {logging_mixin.py:188} INFO - [2024-10-10T07:44:12.277+0000] {dag.py:3036} INFO - Sync 1 DAGs
[2024-10-10T07:44:12.285+0000] {logging_mixin.py:188} INFO - [2024-10-10T07:44:12.285+0000] {dag.py:3823} INFO - Setting next_dagrun for etl_demo_dag to None, run_after=None
[2024-10-10T07:44:12.296+0000] {processor.py:183} INFO - Processing /opt/airflow/dags/etl_dag.py took 0.406 seconds
[2024-10-10T07:44:42.617+0000] {processor.py:161} INFO - Started process (PID=263) to work on /opt/airflow/dags/etl_dag.py
[2024-10-10T07:44:42.618+0000] {processor.py:830} INFO - Processing file /opt/airflow/dags/etl_dag.py for tasks to queue
[2024-10-10T07:44:42.619+0000] {logging_mixin.py:188} INFO - [2024-10-10T07:44:42.619+0000] {dagbag.py:538} INFO - Filling up the DagBag from /opt/airflow/dags/etl_dag.py
[2024-10-10T07:44:42.955+0000] {processor.py:840} INFO - DAG(s) 'etl_demo_dag' retrieved from /opt/airflow/dags/etl_dag.py
[2024-10-10T07:44:42.973+0000] {logging_mixin.py:188} INFO - [2024-10-10T07:44:42.972+0000] {dag.py:3036} INFO - Sync 1 DAGs
[2024-10-10T07:44:42.989+0000] {logging_mixin.py:188} INFO - [2024-10-10T07:44:42.989+0000] {dag.py:3823} INFO - Setting next_dagrun for etl_demo_dag to None, run_after=None
[2024-10-10T07:44:43.001+0000] {processor.py:183} INFO - Processing /opt/airflow/dags/etl_dag.py took 0.389 seconds
[2024-10-10T07:45:13.217+0000] {processor.py:161} INFO - Started process (PID=284) to work on /opt/airflow/dags/etl_dag.py
[2024-10-10T07:45:13.219+0000] {processor.py:830} INFO - Processing file /opt/airflow/dags/etl_dag.py for tasks to queue
[2024-10-10T07:45:13.219+0000] {logging_mixin.py:188} INFO - [2024-10-10T07:45:13.219+0000] {dagbag.py:538} INFO - Filling up the DagBag from /opt/airflow/dags/etl_dag.py
[2024-10-10T07:45:13.598+0000] {processor.py:840} INFO - DAG(s) 'etl_demo_dag' retrieved from /opt/airflow/dags/etl_dag.py
[2024-10-10T07:45:13.617+0000] {logging_mixin.py:188} INFO - [2024-10-10T07:45:13.616+0000] {dag.py:3036} INFO - Sync 1 DAGs
[2024-10-10T07:45:13.625+0000] {logging_mixin.py:188} INFO - [2024-10-10T07:45:13.625+0000] {dag.py:3823} INFO - Setting next_dagrun for etl_demo_dag to None, run_after=None
[2024-10-10T07:45:13.641+0000] {processor.py:183} INFO - Processing /opt/airflow/dags/etl_dag.py took 0.427 seconds
[2024-10-10T07:45:43.940+0000] {processor.py:161} INFO - Started process (PID=296) to work on /opt/airflow/dags/etl_dag.py
[2024-10-10T07:45:43.942+0000] {processor.py:830} INFO - Processing file /opt/airflow/dags/etl_dag.py for tasks to queue
[2024-10-10T07:45:43.943+0000] {logging_mixin.py:188} INFO - [2024-10-10T07:45:43.942+0000] {dagbag.py:538} INFO - Filling up the DagBag from /opt/airflow/dags/etl_dag.py
[2024-10-10T07:45:44.264+0000] {processor.py:840} INFO - DAG(s) 'etl_demo_dag' retrieved from /opt/airflow/dags/etl_dag.py
[2024-10-10T07:45:44.280+0000] {logging_mixin.py:188} INFO - [2024-10-10T07:45:44.279+0000] {dag.py:3036} INFO - Sync 1 DAGs
[2024-10-10T07:45:44.287+0000] {logging_mixin.py:188} INFO - [2024-10-10T07:45:44.287+0000] {dag.py:3823} INFO - Setting next_dagrun for etl_demo_dag to None, run_after=None
[2024-10-10T07:45:44.299+0000] {processor.py:183} INFO - Processing /opt/airflow/dags/etl_dag.py took 0.362 seconds
[2024-10-10T07:46:14.574+0000] {processor.py:161} INFO - Started process (PID=308) to work on /opt/airflow/dags/etl_dag.py
[2024-10-10T07:46:14.575+0000] {processor.py:830} INFO - Processing file /opt/airflow/dags/etl_dag.py for tasks to queue
[2024-10-10T07:46:14.576+0000] {logging_mixin.py:188} INFO - [2024-10-10T07:46:14.576+0000] {dagbag.py:538} INFO - Filling up the DagBag from /opt/airflow/dags/etl_dag.py
[2024-10-10T07:46:14.911+0000] {processor.py:840} INFO - DAG(s) 'etl_demo_dag' retrieved from /opt/airflow/dags/etl_dag.py
[2024-10-10T07:46:14.927+0000] {logging_mixin.py:188} INFO - [2024-10-10T07:46:14.927+0000] {dag.py:3036} INFO - Sync 1 DAGs
[2024-10-10T07:46:14.935+0000] {logging_mixin.py:188} INFO - [2024-10-10T07:46:14.935+0000] {dag.py:3823} INFO - Setting next_dagrun for etl_demo_dag to None, run_after=None
[2024-10-10T07:46:14.947+0000] {processor.py:183} INFO - Processing /opt/airflow/dags/etl_dag.py took 0.377 seconds
[2024-10-10T07:46:45.249+0000] {processor.py:161} INFO - Started process (PID=320) to work on /opt/airflow/dags/etl_dag.py
[2024-10-10T07:46:45.251+0000] {processor.py:830} INFO - Processing file /opt/airflow/dags/etl_dag.py for tasks to queue
[2024-10-10T07:46:45.252+0000] {logging_mixin.py:188} INFO - [2024-10-10T07:46:45.252+0000] {dagbag.py:538} INFO - Filling up the DagBag from /opt/airflow/dags/etl_dag.py
[2024-10-10T07:46:45.667+0000] {processor.py:840} INFO - DAG(s) 'etl_demo_dag' retrieved from /opt/airflow/dags/etl_dag.py
[2024-10-10T07:46:45.684+0000] {logging_mixin.py:188} INFO - [2024-10-10T07:46:45.683+0000] {dag.py:3036} INFO - Sync 1 DAGs
[2024-10-10T07:46:45.691+0000] {logging_mixin.py:188} INFO - [2024-10-10T07:46:45.691+0000] {dag.py:3823} INFO - Setting next_dagrun for etl_demo_dag to None, run_after=None
[2024-10-10T07:46:45.703+0000] {processor.py:183} INFO - Processing /opt/airflow/dags/etl_dag.py took 0.458 seconds
[2024-10-10T07:47:15.999+0000] {processor.py:161} INFO - Started process (PID=332) to work on /opt/airflow/dags/etl_dag.py
[2024-10-10T07:47:16.000+0000] {processor.py:830} INFO - Processing file /opt/airflow/dags/etl_dag.py for tasks to queue
[2024-10-10T07:47:16.001+0000] {logging_mixin.py:188} INFO - [2024-10-10T07:47:16.001+0000] {dagbag.py:538} INFO - Filling up the DagBag from /opt/airflow/dags/etl_dag.py
[2024-10-10T07:47:16.343+0000] {processor.py:840} INFO - DAG(s) 'etl_demo_dag' retrieved from /opt/airflow/dags/etl_dag.py
[2024-10-10T07:47:16.380+0000] {logging_mixin.py:188} INFO - [2024-10-10T07:47:16.380+0000] {dag.py:3036} INFO - Sync 1 DAGs
[2024-10-10T07:47:16.389+0000] {logging_mixin.py:188} INFO - [2024-10-10T07:47:16.388+0000] {dag.py:3823} INFO - Setting next_dagrun for etl_demo_dag to None, run_after=None
[2024-10-10T07:47:16.403+0000] {processor.py:183} INFO - Processing /opt/airflow/dags/etl_dag.py took 0.409 seconds
[2024-10-10T07:47:46.662+0000] {processor.py:161} INFO - Started process (PID=344) to work on /opt/airflow/dags/etl_dag.py
[2024-10-10T07:47:46.664+0000] {processor.py:830} INFO - Processing file /opt/airflow/dags/etl_dag.py for tasks to queue
[2024-10-10T07:47:46.665+0000] {logging_mixin.py:188} INFO - [2024-10-10T07:47:46.664+0000] {dagbag.py:538} INFO - Filling up the DagBag from /opt/airflow/dags/etl_dag.py
[2024-10-10T07:47:46.990+0000] {processor.py:840} INFO - DAG(s) 'etl_demo_dag' retrieved from /opt/airflow/dags/etl_dag.py
[2024-10-10T07:47:47.005+0000] {logging_mixin.py:188} INFO - [2024-10-10T07:47:47.005+0000] {dag.py:3036} INFO - Sync 1 DAGs
[2024-10-10T07:47:47.013+0000] {logging_mixin.py:188} INFO - [2024-10-10T07:47:47.013+0000] {dag.py:3823} INFO - Setting next_dagrun for etl_demo_dag to None, run_after=None
[2024-10-10T07:47:47.024+0000] {processor.py:183} INFO - Processing /opt/airflow/dags/etl_dag.py took 0.367 seconds
[2024-10-10T07:47:48.672+0000] {processor.py:161} INFO - Started process (PID=350) to work on /opt/airflow/dags/etl_dag.py
[2024-10-10T07:47:48.673+0000] {processor.py:830} INFO - Processing file /opt/airflow/dags/etl_dag.py for tasks to queue
[2024-10-10T07:47:48.674+0000] {logging_mixin.py:188} INFO - [2024-10-10T07:47:48.674+0000] {dagbag.py:538} INFO - Filling up the DagBag from /opt/airflow/dags/etl_dag.py
[2024-10-10T07:47:48.997+0000] {processor.py:840} INFO - DAG(s) 'etl_demo_dag' retrieved from /opt/airflow/dags/etl_dag.py
[2024-10-10T07:47:49.014+0000] {logging_mixin.py:188} INFO - [2024-10-10T07:47:49.014+0000] {dag.py:3036} INFO - Sync 1 DAGs
[2024-10-10T07:47:49.023+0000] {logging_mixin.py:188} INFO - [2024-10-10T07:47:49.022+0000] {dag.py:3823} INFO - Setting next_dagrun for etl_demo_dag to None, run_after=None
[2024-10-10T07:47:49.036+0000] {processor.py:183} INFO - Processing /opt/airflow/dags/etl_dag.py took 0.368 seconds
[2024-10-10T07:48:12.850+0000] {processor.py:161} INFO - Started process (PID=362) to work on /opt/airflow/dags/etl_dag.py
[2024-10-10T07:48:12.851+0000] {processor.py:830} INFO - Processing file /opt/airflow/dags/etl_dag.py for tasks to queue
[2024-10-10T07:48:12.852+0000] {logging_mixin.py:188} INFO - [2024-10-10T07:48:12.852+0000] {dagbag.py:538} INFO - Filling up the DagBag from /opt/airflow/dags/etl_dag.py
[2024-10-10T07:48:13.197+0000] {processor.py:840} INFO - DAG(s) 'etl_demo_dag' retrieved from /opt/airflow/dags/etl_dag.py
[2024-10-10T07:48:13.214+0000] {logging_mixin.py:188} INFO - [2024-10-10T07:48:13.214+0000] {dag.py:3036} INFO - Sync 1 DAGs
[2024-10-10T07:48:13.222+0000] {logging_mixin.py:188} INFO - [2024-10-10T07:48:13.221+0000] {dag.py:3823} INFO - Setting next_dagrun for etl_demo_dag to None, run_after=None
[2024-10-10T07:48:13.235+0000] {processor.py:183} INFO - Processing /opt/airflow/dags/etl_dag.py took 0.389 seconds
[2024-10-10T07:48:43.560+0000] {processor.py:161} INFO - Started process (PID=383) to work on /opt/airflow/dags/etl_dag.py
[2024-10-10T07:48:43.561+0000] {processor.py:830} INFO - Processing file /opt/airflow/dags/etl_dag.py for tasks to queue
[2024-10-10T07:48:43.562+0000] {logging_mixin.py:188} INFO - [2024-10-10T07:48:43.562+0000] {dagbag.py:538} INFO - Filling up the DagBag from /opt/airflow/dags/etl_dag.py
[2024-10-10T07:48:43.881+0000] {processor.py:840} INFO - DAG(s) 'etl_demo_dag' retrieved from /opt/airflow/dags/etl_dag.py
[2024-10-10T07:48:43.896+0000] {logging_mixin.py:188} INFO - [2024-10-10T07:48:43.896+0000] {dag.py:3036} INFO - Sync 1 DAGs
[2024-10-10T07:48:43.903+0000] {logging_mixin.py:188} INFO - [2024-10-10T07:48:43.903+0000] {dag.py:3823} INFO - Setting next_dagrun for etl_demo_dag to None, run_after=None
[2024-10-10T07:48:43.915+0000] {processor.py:183} INFO - Processing /opt/airflow/dags/etl_dag.py took 0.358 seconds
[2024-10-10T07:49:14.187+0000] {processor.py:161} INFO - Started process (PID=395) to work on /opt/airflow/dags/etl_dag.py
[2024-10-10T07:49:14.188+0000] {processor.py:830} INFO - Processing file /opt/airflow/dags/etl_dag.py for tasks to queue
[2024-10-10T07:49:14.189+0000] {logging_mixin.py:188} INFO - [2024-10-10T07:49:14.189+0000] {dagbag.py:538} INFO - Filling up the DagBag from /opt/airflow/dags/etl_dag.py
[2024-10-10T07:49:14.501+0000] {processor.py:840} INFO - DAG(s) 'etl_demo_dag' retrieved from /opt/airflow/dags/etl_dag.py
[2024-10-10T07:49:14.516+0000] {logging_mixin.py:188} INFO - [2024-10-10T07:49:14.516+0000] {dag.py:3036} INFO - Sync 1 DAGs
[2024-10-10T07:49:14.523+0000] {logging_mixin.py:188} INFO - [2024-10-10T07:49:14.523+0000] {dag.py:3823} INFO - Setting next_dagrun for etl_demo_dag to None, run_after=None
[2024-10-10T07:49:14.534+0000] {processor.py:183} INFO - Processing /opt/airflow/dags/etl_dag.py took 0.352 seconds
[2024-10-10T07:49:44.777+0000] {processor.py:161} INFO - Started process (PID=406) to work on /opt/airflow/dags/etl_dag.py
[2024-10-10T07:49:44.778+0000] {processor.py:830} INFO - Processing file /opt/airflow/dags/etl_dag.py for tasks to queue
[2024-10-10T07:49:44.779+0000] {logging_mixin.py:188} INFO - [2024-10-10T07:49:44.778+0000] {dagbag.py:538} INFO - Filling up the DagBag from /opt/airflow/dags/etl_dag.py
[2024-10-10T07:49:45.089+0000] {processor.py:840} INFO - DAG(s) 'etl_demo_dag' retrieved from /opt/airflow/dags/etl_dag.py
[2024-10-10T07:49:45.104+0000] {logging_mixin.py:188} INFO - [2024-10-10T07:49:45.104+0000] {dag.py:3036} INFO - Sync 1 DAGs
[2024-10-10T07:49:45.111+0000] {logging_mixin.py:188} INFO - [2024-10-10T07:49:45.111+0000] {dag.py:3823} INFO - Setting next_dagrun for etl_demo_dag to None, run_after=None
[2024-10-10T07:49:45.126+0000] {processor.py:183} INFO - Processing /opt/airflow/dags/etl_dag.py took 0.353 seconds
[2024-10-10T07:50:15.430+0000] {processor.py:161} INFO - Started process (PID=418) to work on /opt/airflow/dags/etl_dag.py
[2024-10-10T07:50:15.431+0000] {processor.py:830} INFO - Processing file /opt/airflow/dags/etl_dag.py for tasks to queue
[2024-10-10T07:50:15.432+0000] {logging_mixin.py:188} INFO - [2024-10-10T07:50:15.432+0000] {dagbag.py:538} INFO - Filling up the DagBag from /opt/airflow/dags/etl_dag.py
[2024-10-10T07:50:15.784+0000] {processor.py:840} INFO - DAG(s) 'etl_demo_dag' retrieved from /opt/airflow/dags/etl_dag.py
[2024-10-10T07:50:15.799+0000] {logging_mixin.py:188} INFO - [2024-10-10T07:50:15.799+0000] {dag.py:3036} INFO - Sync 1 DAGs
[2024-10-10T07:50:15.807+0000] {logging_mixin.py:188} INFO - [2024-10-10T07:50:15.807+0000] {dag.py:3823} INFO - Setting next_dagrun for etl_demo_dag to None, run_after=None
[2024-10-10T07:50:15.819+0000] {processor.py:183} INFO - Processing /opt/airflow/dags/etl_dag.py took 0.393 seconds
[2024-10-10T07:50:46.087+0000] {processor.py:161} INFO - Started process (PID=430) to work on /opt/airflow/dags/etl_dag.py
[2024-10-10T07:50:46.089+0000] {processor.py:830} INFO - Processing file /opt/airflow/dags/etl_dag.py for tasks to queue
[2024-10-10T07:50:46.090+0000] {logging_mixin.py:188} INFO - [2024-10-10T07:50:46.090+0000] {dagbag.py:538} INFO - Filling up the DagBag from /opt/airflow/dags/etl_dag.py
[2024-10-10T07:50:46.413+0000] {processor.py:840} INFO - DAG(s) 'etl_demo_dag' retrieved from /opt/airflow/dags/etl_dag.py
[2024-10-10T07:50:46.429+0000] {logging_mixin.py:188} INFO - [2024-10-10T07:50:46.429+0000] {dag.py:3036} INFO - Sync 1 DAGs
[2024-10-10T07:50:46.437+0000] {logging_mixin.py:188} INFO - [2024-10-10T07:50:46.436+0000] {dag.py:3823} INFO - Setting next_dagrun for etl_demo_dag to None, run_after=None
[2024-10-10T07:50:46.447+0000] {processor.py:183} INFO - Processing /opt/airflow/dags/etl_dag.py took 0.366 seconds
[2024-10-10T07:51:16.705+0000] {processor.py:161} INFO - Started process (PID=442) to work on /opt/airflow/dags/etl_dag.py
[2024-10-10T07:51:16.707+0000] {processor.py:830} INFO - Processing file /opt/airflow/dags/etl_dag.py for tasks to queue
[2024-10-10T07:51:16.708+0000] {logging_mixin.py:188} INFO - [2024-10-10T07:51:16.707+0000] {dagbag.py:538} INFO - Filling up the DagBag from /opt/airflow/dags/etl_dag.py
[2024-10-10T07:51:17.380+0000] {processor.py:840} INFO - DAG(s) 'etl_demo_dag' retrieved from /opt/airflow/dags/etl_dag.py
[2024-10-10T07:51:17.414+0000] {logging_mixin.py:188} INFO - [2024-10-10T07:51:17.413+0000] {dag.py:3036} INFO - Sync 1 DAGs
[2024-10-10T07:51:17.426+0000] {logging_mixin.py:188} INFO - [2024-10-10T07:51:17.426+0000] {dag.py:3823} INFO - Setting next_dagrun for etl_demo_dag to None, run_after=None
[2024-10-10T07:51:17.446+0000] {processor.py:183} INFO - Processing /opt/airflow/dags/etl_dag.py took 0.745 seconds
[2024-10-10T07:51:47.662+0000] {processor.py:161} INFO - Started process (PID=463) to work on /opt/airflow/dags/etl_dag.py
[2024-10-10T07:51:47.664+0000] {processor.py:830} INFO - Processing file /opt/airflow/dags/etl_dag.py for tasks to queue
[2024-10-10T07:51:47.665+0000] {logging_mixin.py:188} INFO - [2024-10-10T07:51:47.664+0000] {dagbag.py:538} INFO - Filling up the DagBag from /opt/airflow/dags/etl_dag.py
[2024-10-10T07:51:47.992+0000] {processor.py:840} INFO - DAG(s) 'etl_demo_dag' retrieved from /opt/airflow/dags/etl_dag.py
[2024-10-10T07:51:48.010+0000] {logging_mixin.py:188} INFO - [2024-10-10T07:51:48.009+0000] {dag.py:3036} INFO - Sync 1 DAGs
[2024-10-10T07:51:48.029+0000] {logging_mixin.py:188} INFO - [2024-10-10T07:51:48.029+0000] {dag.py:3823} INFO - Setting next_dagrun for etl_demo_dag to None, run_after=None
[2024-10-10T07:51:48.062+0000] {processor.py:183} INFO - Processing /opt/airflow/dags/etl_dag.py took 0.404 seconds
[2024-10-10T07:52:18.331+0000] {processor.py:161} INFO - Started process (PID=475) to work on /opt/airflow/dags/etl_dag.py
[2024-10-10T07:52:18.333+0000] {processor.py:830} INFO - Processing file /opt/airflow/dags/etl_dag.py for tasks to queue
[2024-10-10T07:52:18.334+0000] {logging_mixin.py:188} INFO - [2024-10-10T07:52:18.333+0000] {dagbag.py:538} INFO - Filling up the DagBag from /opt/airflow/dags/etl_dag.py
[2024-10-10T07:52:18.809+0000] {processor.py:840} INFO - DAG(s) 'etl_demo_dag' retrieved from /opt/airflow/dags/etl_dag.py
[2024-10-10T07:52:18.828+0000] {logging_mixin.py:188} INFO - [2024-10-10T07:52:18.828+0000] {dag.py:3036} INFO - Sync 1 DAGs
[2024-10-10T07:52:18.836+0000] {logging_mixin.py:188} INFO - [2024-10-10T07:52:18.836+0000] {dag.py:3823} INFO - Setting next_dagrun for etl_demo_dag to None, run_after=None
[2024-10-10T07:52:18.850+0000] {processor.py:183} INFO - Processing /opt/airflow/dags/etl_dag.py took 0.525 seconds
[2024-10-10T07:52:49.149+0000] {processor.py:161} INFO - Started process (PID=496) to work on /opt/airflow/dags/etl_dag.py
[2024-10-10T07:52:49.150+0000] {processor.py:830} INFO - Processing file /opt/airflow/dags/etl_dag.py for tasks to queue
[2024-10-10T07:52:49.151+0000] {logging_mixin.py:188} INFO - [2024-10-10T07:52:49.150+0000] {dagbag.py:538} INFO - Filling up the DagBag from /opt/airflow/dags/etl_dag.py
[2024-10-10T07:52:49.538+0000] {processor.py:840} INFO - DAG(s) 'etl_demo_dag' retrieved from /opt/airflow/dags/etl_dag.py
[2024-10-10T07:52:49.555+0000] {logging_mixin.py:188} INFO - [2024-10-10T07:52:49.554+0000] {dag.py:3036} INFO - Sync 1 DAGs
[2024-10-10T07:52:49.564+0000] {logging_mixin.py:188} INFO - [2024-10-10T07:52:49.564+0000] {dag.py:3823} INFO - Setting next_dagrun for etl_demo_dag to None, run_after=None
[2024-10-10T07:52:49.576+0000] {processor.py:183} INFO - Processing /opt/airflow/dags/etl_dag.py took 0.431 seconds
[2024-10-10T07:53:19.819+0000] {processor.py:161} INFO - Started process (PID=508) to work on /opt/airflow/dags/etl_dag.py
[2024-10-10T07:53:19.820+0000] {processor.py:830} INFO - Processing file /opt/airflow/dags/etl_dag.py for tasks to queue
[2024-10-10T07:53:19.821+0000] {logging_mixin.py:188} INFO - [2024-10-10T07:53:19.821+0000] {dagbag.py:538} INFO - Filling up the DagBag from /opt/airflow/dags/etl_dag.py
[2024-10-10T07:53:20.159+0000] {processor.py:840} INFO - DAG(s) 'etl_demo_dag' retrieved from /opt/airflow/dags/etl_dag.py
[2024-10-10T07:53:20.174+0000] {logging_mixin.py:188} INFO - [2024-10-10T07:53:20.174+0000] {dag.py:3036} INFO - Sync 1 DAGs
[2024-10-10T07:53:20.182+0000] {logging_mixin.py:188} INFO - [2024-10-10T07:53:20.182+0000] {dag.py:3823} INFO - Setting next_dagrun for etl_demo_dag to None, run_after=None
[2024-10-10T07:53:20.193+0000] {processor.py:183} INFO - Processing /opt/airflow/dags/etl_dag.py took 0.378 seconds
[2024-10-10T07:53:48.448+0000] {processor.py:161} INFO - Started process (PID=520) to work on /opt/airflow/dags/etl_dag.py
[2024-10-10T07:53:48.449+0000] {processor.py:830} INFO - Processing file /opt/airflow/dags/etl_dag.py for tasks to queue
[2024-10-10T07:53:48.450+0000] {logging_mixin.py:188} INFO - [2024-10-10T07:53:48.450+0000] {dagbag.py:538} INFO - Filling up the DagBag from /opt/airflow/dags/etl_dag.py
[2024-10-10T07:53:48.784+0000] {processor.py:840} INFO - DAG(s) 'etl_demo_dag' retrieved from /opt/airflow/dags/etl_dag.py
[2024-10-10T07:53:48.799+0000] {logging_mixin.py:188} INFO - [2024-10-10T07:53:48.799+0000] {dag.py:3036} INFO - Sync 1 DAGs
[2024-10-10T07:53:48.807+0000] {logging_mixin.py:188} INFO - [2024-10-10T07:53:48.807+0000] {dag.py:3823} INFO - Setting next_dagrun for etl_demo_dag to None, run_after=None
[2024-10-10T07:53:48.820+0000] {processor.py:183} INFO - Processing /opt/airflow/dags/etl_dag.py took 0.375 seconds
[2024-10-10T07:54:19.122+0000] {processor.py:161} INFO - Started process (PID=541) to work on /opt/airflow/dags/etl_dag.py
[2024-10-10T07:54:19.124+0000] {processor.py:830} INFO - Processing file /opt/airflow/dags/etl_dag.py for tasks to queue
[2024-10-10T07:54:19.125+0000] {logging_mixin.py:188} INFO - [2024-10-10T07:54:19.125+0000] {dagbag.py:538} INFO - Filling up the DagBag from /opt/airflow/dags/etl_dag.py
[2024-10-10T07:54:19.541+0000] {processor.py:840} INFO - DAG(s) 'etl_demo_dag' retrieved from /opt/airflow/dags/etl_dag.py
[2024-10-10T07:54:19.569+0000] {logging_mixin.py:188} INFO - [2024-10-10T07:54:19.568+0000] {dag.py:3036} INFO - Sync 1 DAGs
[2024-10-10T07:54:19.577+0000] {logging_mixin.py:188} INFO - [2024-10-10T07:54:19.577+0000] {dag.py:3823} INFO - Setting next_dagrun for etl_demo_dag to None, run_after=None
[2024-10-10T07:54:19.593+0000] {processor.py:183} INFO - Processing /opt/airflow/dags/etl_dag.py took 0.475 seconds
[2024-10-10T07:54:49.891+0000] {processor.py:161} INFO - Started process (PID=553) to work on /opt/airflow/dags/etl_dag.py
[2024-10-10T07:54:49.892+0000] {processor.py:830} INFO - Processing file /opt/airflow/dags/etl_dag.py for tasks to queue
[2024-10-10T07:54:49.893+0000] {logging_mixin.py:188} INFO - [2024-10-10T07:54:49.893+0000] {dagbag.py:538} INFO - Filling up the DagBag from /opt/airflow/dags/etl_dag.py
[2024-10-10T07:54:50.221+0000] {processor.py:840} INFO - DAG(s) 'etl_demo_dag' retrieved from /opt/airflow/dags/etl_dag.py
[2024-10-10T07:54:50.236+0000] {logging_mixin.py:188} INFO - [2024-10-10T07:54:50.236+0000] {dag.py:3036} INFO - Sync 1 DAGs
[2024-10-10T07:54:50.243+0000] {logging_mixin.py:188} INFO - [2024-10-10T07:54:50.243+0000] {dag.py:3823} INFO - Setting next_dagrun for etl_demo_dag to None, run_after=None
[2024-10-10T07:54:50.254+0000] {processor.py:183} INFO - Processing /opt/airflow/dags/etl_dag.py took 0.368 seconds
[2024-10-10T07:55:20.545+0000] {processor.py:161} INFO - Started process (PID=565) to work on /opt/airflow/dags/etl_dag.py
[2024-10-10T07:55:20.546+0000] {processor.py:830} INFO - Processing file /opt/airflow/dags/etl_dag.py for tasks to queue
[2024-10-10T07:55:20.547+0000] {logging_mixin.py:188} INFO - [2024-10-10T07:55:20.547+0000] {dagbag.py:538} INFO - Filling up the DagBag from /opt/airflow/dags/etl_dag.py
[2024-10-10T07:55:20.886+0000] {processor.py:840} INFO - DAG(s) 'etl_demo_dag' retrieved from /opt/airflow/dags/etl_dag.py
[2024-10-10T07:55:20.901+0000] {logging_mixin.py:188} INFO - [2024-10-10T07:55:20.901+0000] {dag.py:3036} INFO - Sync 1 DAGs
[2024-10-10T07:55:20.908+0000] {logging_mixin.py:188} INFO - [2024-10-10T07:55:20.908+0000] {dag.py:3823} INFO - Setting next_dagrun for etl_demo_dag to None, run_after=None
[2024-10-10T07:55:20.920+0000] {processor.py:183} INFO - Processing /opt/airflow/dags/etl_dag.py took 0.378 seconds
[2024-10-10T07:55:51.202+0000] {processor.py:161} INFO - Started process (PID=577) to work on /opt/airflow/dags/etl_dag.py
[2024-10-10T07:55:51.204+0000] {processor.py:830} INFO - Processing file /opt/airflow/dags/etl_dag.py for tasks to queue
[2024-10-10T07:55:51.205+0000] {logging_mixin.py:188} INFO - [2024-10-10T07:55:51.204+0000] {dagbag.py:538} INFO - Filling up the DagBag from /opt/airflow/dags/etl_dag.py
[2024-10-10T07:55:51.551+0000] {processor.py:840} INFO - DAG(s) 'etl_demo_dag' retrieved from /opt/airflow/dags/etl_dag.py
[2024-10-10T07:55:51.566+0000] {logging_mixin.py:188} INFO - [2024-10-10T07:55:51.566+0000] {dag.py:3036} INFO - Sync 1 DAGs
[2024-10-10T07:55:51.574+0000] {logging_mixin.py:188} INFO - [2024-10-10T07:55:51.574+0000] {dag.py:3823} INFO - Setting next_dagrun for etl_demo_dag to None, run_after=None
[2024-10-10T07:55:51.586+0000] {processor.py:183} INFO - Processing /opt/airflow/dags/etl_dag.py took 0.388 seconds
[2024-10-10T07:56:21.863+0000] {processor.py:161} INFO - Started process (PID=589) to work on /opt/airflow/dags/etl_dag.py
[2024-10-10T07:56:21.864+0000] {processor.py:830} INFO - Processing file /opt/airflow/dags/etl_dag.py for tasks to queue
[2024-10-10T07:56:21.865+0000] {logging_mixin.py:188} INFO - [2024-10-10T07:56:21.865+0000] {dagbag.py:538} INFO - Filling up the DagBag from /opt/airflow/dags/etl_dag.py
[2024-10-10T07:56:22.199+0000] {processor.py:840} INFO - DAG(s) 'etl_demo_dag' retrieved from /opt/airflow/dags/etl_dag.py
[2024-10-10T07:56:22.214+0000] {logging_mixin.py:188} INFO - [2024-10-10T07:56:22.214+0000] {dag.py:3036} INFO - Sync 1 DAGs
[2024-10-10T07:56:22.222+0000] {logging_mixin.py:188} INFO - [2024-10-10T07:56:22.222+0000] {dag.py:3823} INFO - Setting next_dagrun for etl_demo_dag to None, run_after=None
[2024-10-10T07:56:22.234+0000] {processor.py:183} INFO - Processing /opt/airflow/dags/etl_dag.py took 0.374 seconds
[2024-10-10T07:56:52.496+0000] {processor.py:161} INFO - Started process (PID=601) to work on /opt/airflow/dags/etl_dag.py
[2024-10-10T07:56:52.497+0000] {processor.py:830} INFO - Processing file /opt/airflow/dags/etl_dag.py for tasks to queue
[2024-10-10T07:56:52.498+0000] {logging_mixin.py:188} INFO - [2024-10-10T07:56:52.498+0000] {dagbag.py:538} INFO - Filling up the DagBag from /opt/airflow/dags/etl_dag.py
[2024-10-10T07:56:52.826+0000] {processor.py:840} INFO - DAG(s) 'etl_demo_dag' retrieved from /opt/airflow/dags/etl_dag.py
[2024-10-10T07:56:52.842+0000] {logging_mixin.py:188} INFO - [2024-10-10T07:56:52.842+0000] {dag.py:3036} INFO - Sync 1 DAGs
[2024-10-10T07:56:52.851+0000] {logging_mixin.py:188} INFO - [2024-10-10T07:56:52.851+0000] {dag.py:3823} INFO - Setting next_dagrun for etl_demo_dag to None, run_after=None
[2024-10-10T07:56:52.862+0000] {processor.py:183} INFO - Processing /opt/airflow/dags/etl_dag.py took 0.370 seconds
[2024-10-10T07:57:23.135+0000] {processor.py:161} INFO - Started process (PID=613) to work on /opt/airflow/dags/etl_dag.py
[2024-10-10T07:57:23.137+0000] {processor.py:830} INFO - Processing file /opt/airflow/dags/etl_dag.py for tasks to queue
[2024-10-10T07:57:23.138+0000] {logging_mixin.py:188} INFO - [2024-10-10T07:57:23.137+0000] {dagbag.py:538} INFO - Filling up the DagBag from /opt/airflow/dags/etl_dag.py
[2024-10-10T07:57:23.461+0000] {processor.py:840} INFO - DAG(s) 'etl_demo_dag' retrieved from /opt/airflow/dags/etl_dag.py
[2024-10-10T07:57:23.477+0000] {logging_mixin.py:188} INFO - [2024-10-10T07:57:23.477+0000] {dag.py:3036} INFO - Sync 1 DAGs
[2024-10-10T07:57:23.484+0000] {logging_mixin.py:188} INFO - [2024-10-10T07:57:23.484+0000] {dag.py:3823} INFO - Setting next_dagrun for etl_demo_dag to None, run_after=None
[2024-10-10T07:57:23.495+0000] {processor.py:183} INFO - Processing /opt/airflow/dags/etl_dag.py took 0.365 seconds
[2024-10-10T07:57:53.811+0000] {processor.py:161} INFO - Started process (PID=625) to work on /opt/airflow/dags/etl_dag.py
[2024-10-10T07:57:53.813+0000] {processor.py:830} INFO - Processing file /opt/airflow/dags/etl_dag.py for tasks to queue
[2024-10-10T07:57:53.814+0000] {logging_mixin.py:188} INFO - [2024-10-10T07:57:53.814+0000] {dagbag.py:538} INFO - Filling up the DagBag from /opt/airflow/dags/etl_dag.py
[2024-10-10T07:57:54.197+0000] {processor.py:840} INFO - DAG(s) 'etl_demo_dag' retrieved from /opt/airflow/dags/etl_dag.py
[2024-10-10T07:57:54.221+0000] {logging_mixin.py:188} INFO - [2024-10-10T07:57:54.220+0000] {dag.py:3036} INFO - Sync 1 DAGs
[2024-10-10T07:57:54.232+0000] {logging_mixin.py:188} INFO - [2024-10-10T07:57:54.231+0000] {dag.py:3823} INFO - Setting next_dagrun for etl_demo_dag to None, run_after=None
[2024-10-10T07:57:54.247+0000] {processor.py:183} INFO - Processing /opt/airflow/dags/etl_dag.py took 0.441 seconds
[2024-10-10T07:58:22.523+0000] {processor.py:161} INFO - Started process (PID=637) to work on /opt/airflow/dags/etl_dag.py
[2024-10-10T07:58:22.524+0000] {processor.py:830} INFO - Processing file /opt/airflow/dags/etl_dag.py for tasks to queue
[2024-10-10T07:58:22.526+0000] {logging_mixin.py:188} INFO - [2024-10-10T07:58:22.525+0000] {dagbag.py:538} INFO - Filling up the DagBag from /opt/airflow/dags/etl_dag.py
[2024-10-10T07:58:22.872+0000] {logging_mixin.py:188} INFO - AWS_ACCESS_KEY_ID: None
[2024-10-10T07:58:22.872+0000] {logging_mixin.py:188} INFO - AWS_SECRET_ACCESS_KEY: None
[2024-10-10T07:58:22.872+0000] {logging_mixin.py:188} INFO - AWS_DEFAULT_REGION: None
[2024-10-10T07:58:22.877+0000] {processor.py:840} INFO - DAG(s) 'etl_demo_dag' retrieved from /opt/airflow/dags/etl_dag.py
[2024-10-10T07:58:22.908+0000] {logging_mixin.py:188} INFO - [2024-10-10T07:58:22.908+0000] {dag.py:3036} INFO - Sync 1 DAGs
[2024-10-10T07:58:22.917+0000] {logging_mixin.py:188} INFO - [2024-10-10T07:58:22.916+0000] {dag.py:3823} INFO - Setting next_dagrun for etl_demo_dag to None, run_after=None
[2024-10-10T07:58:22.934+0000] {processor.py:183} INFO - Processing /opt/airflow/dags/etl_dag.py took 0.415 seconds
[2024-10-10T07:58:53.142+0000] {processor.py:161} INFO - Started process (PID=657) to work on /opt/airflow/dags/etl_dag.py
[2024-10-10T07:58:53.143+0000] {processor.py:830} INFO - Processing file /opt/airflow/dags/etl_dag.py for tasks to queue
[2024-10-10T07:58:53.145+0000] {logging_mixin.py:188} INFO - [2024-10-10T07:58:53.144+0000] {dagbag.py:538} INFO - Filling up the DagBag from /opt/airflow/dags/etl_dag.py
[2024-10-10T07:58:53.475+0000] {logging_mixin.py:188} INFO - AWS_ACCESS_KEY_ID: None
[2024-10-10T07:58:53.476+0000] {logging_mixin.py:188} INFO - AWS_SECRET_ACCESS_KEY: None
[2024-10-10T07:58:53.476+0000] {logging_mixin.py:188} INFO - AWS_DEFAULT_REGION: None
[2024-10-10T07:58:53.480+0000] {processor.py:840} INFO - DAG(s) 'etl_demo_dag' retrieved from /opt/airflow/dags/etl_dag.py
[2024-10-10T07:58:53.495+0000] {logging_mixin.py:188} INFO - [2024-10-10T07:58:53.495+0000] {dag.py:3036} INFO - Sync 1 DAGs
[2024-10-10T07:58:53.502+0000] {logging_mixin.py:188} INFO - [2024-10-10T07:58:53.502+0000] {dag.py:3823} INFO - Setting next_dagrun for etl_demo_dag to None, run_after=None
[2024-10-10T07:58:53.515+0000] {processor.py:183} INFO - Processing /opt/airflow/dags/etl_dag.py took 0.376 seconds
[2024-10-10T07:59:23.806+0000] {processor.py:161} INFO - Started process (PID=669) to work on /opt/airflow/dags/etl_dag.py
[2024-10-10T07:59:23.807+0000] {processor.py:830} INFO - Processing file /opt/airflow/dags/etl_dag.py for tasks to queue
[2024-10-10T07:59:23.808+0000] {logging_mixin.py:188} INFO - [2024-10-10T07:59:23.808+0000] {dagbag.py:538} INFO - Filling up the DagBag from /opt/airflow/dags/etl_dag.py
[2024-10-10T07:59:24.131+0000] {logging_mixin.py:188} INFO - AWS_ACCESS_KEY_ID: None
[2024-10-10T07:59:24.132+0000] {logging_mixin.py:188} INFO - AWS_SECRET_ACCESS_KEY: None
[2024-10-10T07:59:24.132+0000] {logging_mixin.py:188} INFO - AWS_DEFAULT_REGION: None
[2024-10-10T07:59:24.136+0000] {processor.py:840} INFO - DAG(s) 'etl_demo_dag' retrieved from /opt/airflow/dags/etl_dag.py
[2024-10-10T07:59:24.151+0000] {logging_mixin.py:188} INFO - [2024-10-10T07:59:24.150+0000] {dag.py:3036} INFO - Sync 1 DAGs
[2024-10-10T07:59:24.159+0000] {logging_mixin.py:188} INFO - [2024-10-10T07:59:24.159+0000] {dag.py:3823} INFO - Setting next_dagrun for etl_demo_dag to None, run_after=None
[2024-10-10T07:59:24.170+0000] {processor.py:183} INFO - Processing /opt/airflow/dags/etl_dag.py took 0.370 seconds
[2024-10-10T07:59:46.351+0000] {processor.py:161} INFO - Started process (PID=681) to work on /opt/airflow/dags/etl_dag.py
[2024-10-10T07:59:46.352+0000] {processor.py:830} INFO - Processing file /opt/airflow/dags/etl_dag.py for tasks to queue
[2024-10-10T07:59:46.353+0000] {logging_mixin.py:188} INFO - [2024-10-10T07:59:46.353+0000] {dagbag.py:538} INFO - Filling up the DagBag from /opt/airflow/dags/etl_dag.py
[2024-10-10T07:59:46.783+0000] {logging_mixin.py:188} INFO - AWS_ACCESS_KEY_ID: None
[2024-10-10T07:59:46.784+0000] {logging_mixin.py:188} INFO - AWS_SECRET_ACCESS_KEY: None
[2024-10-10T07:59:46.784+0000] {logging_mixin.py:188} INFO - AWS_DEFAULT_REGION: None
[2024-10-10T07:59:46.788+0000] {processor.py:840} INFO - DAG(s) 'etl_demo_dag' retrieved from /opt/airflow/dags/etl_dag.py
[2024-10-10T07:59:46.810+0000] {logging_mixin.py:188} INFO - [2024-10-10T07:59:46.810+0000] {dag.py:3036} INFO - Sync 1 DAGs
[2024-10-10T07:59:46.818+0000] {logging_mixin.py:188} INFO - [2024-10-10T07:59:46.818+0000] {dag.py:3823} INFO - Setting next_dagrun for etl_demo_dag to None, run_after=None
[2024-10-10T07:59:46.835+0000] {processor.py:183} INFO - Processing /opt/airflow/dags/etl_dag.py took 0.487 seconds
[2024-10-10T08:00:17.123+0000] {processor.py:161} INFO - Started process (PID=702) to work on /opt/airflow/dags/etl_dag.py
[2024-10-10T08:00:17.124+0000] {processor.py:830} INFO - Processing file /opt/airflow/dags/etl_dag.py for tasks to queue
[2024-10-10T08:00:17.125+0000] {logging_mixin.py:188} INFO - [2024-10-10T08:00:17.125+0000] {dagbag.py:538} INFO - Filling up the DagBag from /opt/airflow/dags/etl_dag.py
[2024-10-10T08:00:17.458+0000] {logging_mixin.py:188} INFO - AWS_ACCESS_KEY_ID: None
[2024-10-10T08:00:17.459+0000] {logging_mixin.py:188} INFO - AWS_SECRET_ACCESS_KEY: None
[2024-10-10T08:00:17.459+0000] {logging_mixin.py:188} INFO - AWS_DEFAULT_REGION: None
[2024-10-10T08:00:17.463+0000] {processor.py:840} INFO - DAG(s) 'etl_demo_dag' retrieved from /opt/airflow/dags/etl_dag.py
[2024-10-10T08:00:17.479+0000] {logging_mixin.py:188} INFO - [2024-10-10T08:00:17.479+0000] {dag.py:3036} INFO - Sync 1 DAGs
[2024-10-10T08:00:17.486+0000] {logging_mixin.py:188} INFO - [2024-10-10T08:00:17.486+0000] {dag.py:3823} INFO - Setting next_dagrun for etl_demo_dag to None, run_after=None
[2024-10-10T08:00:17.497+0000] {processor.py:183} INFO - Processing /opt/airflow/dags/etl_dag.py took 0.379 seconds
[2024-10-10T08:00:47.774+0000] {processor.py:161} INFO - Started process (PID=714) to work on /opt/airflow/dags/etl_dag.py
[2024-10-10T08:00:47.776+0000] {processor.py:830} INFO - Processing file /opt/airflow/dags/etl_dag.py for tasks to queue
[2024-10-10T08:00:47.777+0000] {logging_mixin.py:188} INFO - [2024-10-10T08:00:47.777+0000] {dagbag.py:538} INFO - Filling up the DagBag from /opt/airflow/dags/etl_dag.py
[2024-10-10T08:00:48.115+0000] {logging_mixin.py:188} INFO - AWS_ACCESS_KEY_ID: None
[2024-10-10T08:00:48.116+0000] {logging_mixin.py:188} INFO - AWS_SECRET_ACCESS_KEY: None
[2024-10-10T08:00:48.116+0000] {logging_mixin.py:188} INFO - AWS_DEFAULT_REGION: None
[2024-10-10T08:00:48.120+0000] {processor.py:840} INFO - DAG(s) 'etl_demo_dag' retrieved from /opt/airflow/dags/etl_dag.py
[2024-10-10T08:00:48.135+0000] {logging_mixin.py:188} INFO - [2024-10-10T08:00:48.135+0000] {dag.py:3036} INFO - Sync 1 DAGs
[2024-10-10T08:00:48.143+0000] {logging_mixin.py:188} INFO - [2024-10-10T08:00:48.143+0000] {dag.py:3823} INFO - Setting next_dagrun for etl_demo_dag to None, run_after=None
[2024-10-10T08:00:48.155+0000] {processor.py:183} INFO - Processing /opt/airflow/dags/etl_dag.py took 0.385 seconds
[2024-10-10T08:01:18.435+0000] {processor.py:161} INFO - Started process (PID=726) to work on /opt/airflow/dags/etl_dag.py
[2024-10-10T08:01:18.437+0000] {processor.py:830} INFO - Processing file /opt/airflow/dags/etl_dag.py for tasks to queue
[2024-10-10T08:01:18.438+0000] {logging_mixin.py:188} INFO - [2024-10-10T08:01:18.437+0000] {dagbag.py:538} INFO - Filling up the DagBag from /opt/airflow/dags/etl_dag.py
[2024-10-10T08:01:18.777+0000] {logging_mixin.py:188} INFO - AWS_ACCESS_KEY_ID: None
[2024-10-10T08:01:18.777+0000] {logging_mixin.py:188} INFO - AWS_SECRET_ACCESS_KEY: None
[2024-10-10T08:01:18.778+0000] {logging_mixin.py:188} INFO - AWS_DEFAULT_REGION: None
[2024-10-10T08:01:18.782+0000] {processor.py:840} INFO - DAG(s) 'etl_demo_dag' retrieved from /opt/airflow/dags/etl_dag.py
[2024-10-10T08:01:18.799+0000] {logging_mixin.py:188} INFO - [2024-10-10T08:01:18.799+0000] {dag.py:3036} INFO - Sync 1 DAGs
[2024-10-10T08:01:18.807+0000] {logging_mixin.py:188} INFO - [2024-10-10T08:01:18.807+0000] {dag.py:3823} INFO - Setting next_dagrun for etl_demo_dag to None, run_after=None
[2024-10-10T08:01:18.819+0000] {processor.py:183} INFO - Processing /opt/airflow/dags/etl_dag.py took 0.387 seconds
[2024-10-10T08:01:49.114+0000] {processor.py:161} INFO - Started process (PID=738) to work on /opt/airflow/dags/etl_dag.py
[2024-10-10T08:01:49.115+0000] {processor.py:830} INFO - Processing file /opt/airflow/dags/etl_dag.py for tasks to queue
[2024-10-10T08:01:49.116+0000] {logging_mixin.py:188} INFO - [2024-10-10T08:01:49.116+0000] {dagbag.py:538} INFO - Filling up the DagBag from /opt/airflow/dags/etl_dag.py
[2024-10-10T08:01:49.434+0000] {logging_mixin.py:188} INFO - AWS_ACCESS_KEY_ID: None
[2024-10-10T08:01:49.434+0000] {logging_mixin.py:188} INFO - AWS_SECRET_ACCESS_KEY: None
[2024-10-10T08:01:49.434+0000] {logging_mixin.py:188} INFO - AWS_DEFAULT_REGION: None
[2024-10-10T08:01:49.438+0000] {processor.py:840} INFO - DAG(s) 'etl_demo_dag' retrieved from /opt/airflow/dags/etl_dag.py
[2024-10-10T08:01:49.457+0000] {logging_mixin.py:188} INFO - [2024-10-10T08:01:49.456+0000] {dag.py:3036} INFO - Sync 1 DAGs
[2024-10-10T08:01:49.464+0000] {logging_mixin.py:188} INFO - [2024-10-10T08:01:49.464+0000] {dag.py:3823} INFO - Setting next_dagrun for etl_demo_dag to None, run_after=None
[2024-10-10T08:01:49.476+0000] {processor.py:183} INFO - Processing /opt/airflow/dags/etl_dag.py took 0.367 seconds
[2024-10-10T08:02:19.792+0000] {processor.py:161} INFO - Started process (PID=750) to work on /opt/airflow/dags/etl_dag.py
[2024-10-10T08:02:19.794+0000] {processor.py:830} INFO - Processing file /opt/airflow/dags/etl_dag.py for tasks to queue
[2024-10-10T08:02:19.795+0000] {logging_mixin.py:188} INFO - [2024-10-10T08:02:19.794+0000] {dagbag.py:538} INFO - Filling up the DagBag from /opt/airflow/dags/etl_dag.py
[2024-10-10T08:02:20.176+0000] {logging_mixin.py:188} INFO - AWS_ACCESS_KEY_ID: None
[2024-10-10T08:02:20.176+0000] {logging_mixin.py:188} INFO - AWS_SECRET_ACCESS_KEY: None
[2024-10-10T08:02:20.177+0000] {logging_mixin.py:188} INFO - AWS_DEFAULT_REGION: None
[2024-10-10T08:02:20.181+0000] {processor.py:840} INFO - DAG(s) 'etl_demo_dag' retrieved from /opt/airflow/dags/etl_dag.py
[2024-10-10T08:02:20.197+0000] {logging_mixin.py:188} INFO - [2024-10-10T08:02:20.197+0000] {dag.py:3036} INFO - Sync 1 DAGs
[2024-10-10T08:02:20.206+0000] {logging_mixin.py:188} INFO - [2024-10-10T08:02:20.206+0000] {dag.py:3823} INFO - Setting next_dagrun for etl_demo_dag to None, run_after=None
[2024-10-10T08:02:20.220+0000] {processor.py:183} INFO - Processing /opt/airflow/dags/etl_dag.py took 0.432 seconds
[2024-10-10T08:02:50.479+0000] {processor.py:161} INFO - Started process (PID=779) to work on /opt/airflow/dags/etl_dag.py
[2024-10-10T08:02:50.481+0000] {processor.py:830} INFO - Processing file /opt/airflow/dags/etl_dag.py for tasks to queue
[2024-10-10T08:02:50.482+0000] {logging_mixin.py:188} INFO - [2024-10-10T08:02:50.481+0000] {dagbag.py:538} INFO - Filling up the DagBag from /opt/airflow/dags/etl_dag.py
[2024-10-10T08:02:50.794+0000] {logging_mixin.py:188} INFO - AWS_ACCESS_KEY_ID: None
[2024-10-10T08:02:50.794+0000] {logging_mixin.py:188} INFO - AWS_SECRET_ACCESS_KEY: None
[2024-10-10T08:02:50.795+0000] {logging_mixin.py:188} INFO - AWS_DEFAULT_REGION: None
[2024-10-10T08:02:50.798+0000] {processor.py:840} INFO - DAG(s) 'etl_demo_dag' retrieved from /opt/airflow/dags/etl_dag.py
[2024-10-10T08:02:50.813+0000] {logging_mixin.py:188} INFO - [2024-10-10T08:02:50.813+0000] {dag.py:3036} INFO - Sync 1 DAGs
[2024-10-10T08:02:50.821+0000] {logging_mixin.py:188} INFO - [2024-10-10T08:02:50.820+0000] {dag.py:3823} INFO - Setting next_dagrun for etl_demo_dag to None, run_after=None
[2024-10-10T08:02:50.832+0000] {processor.py:183} INFO - Processing /opt/airflow/dags/etl_dag.py took 0.357 seconds
[2024-10-10T08:03:21.111+0000] {processor.py:161} INFO - Started process (PID=791) to work on /opt/airflow/dags/etl_dag.py
[2024-10-10T08:03:21.113+0000] {processor.py:830} INFO - Processing file /opt/airflow/dags/etl_dag.py for tasks to queue
[2024-10-10T08:03:21.114+0000] {logging_mixin.py:188} INFO - [2024-10-10T08:03:21.113+0000] {dagbag.py:538} INFO - Filling up the DagBag from /opt/airflow/dags/etl_dag.py
[2024-10-10T08:03:21.455+0000] {logging_mixin.py:188} INFO - AWS_ACCESS_KEY_ID: None
[2024-10-10T08:03:21.456+0000] {logging_mixin.py:188} INFO - AWS_SECRET_ACCESS_KEY: None
[2024-10-10T08:03:21.456+0000] {logging_mixin.py:188} INFO - AWS_DEFAULT_REGION: None
[2024-10-10T08:03:21.460+0000] {processor.py:840} INFO - DAG(s) 'etl_demo_dag' retrieved from /opt/airflow/dags/etl_dag.py
[2024-10-10T08:03:21.476+0000] {logging_mixin.py:188} INFO - [2024-10-10T08:03:21.476+0000] {dag.py:3036} INFO - Sync 1 DAGs
[2024-10-10T08:03:21.484+0000] {logging_mixin.py:188} INFO - [2024-10-10T08:03:21.483+0000] {dag.py:3823} INFO - Setting next_dagrun for etl_demo_dag to None, run_after=None
[2024-10-10T08:03:21.495+0000] {processor.py:183} INFO - Processing /opt/airflow/dags/etl_dag.py took 0.389 seconds
[2024-10-10T08:03:51.810+0000] {processor.py:161} INFO - Started process (PID=803) to work on /opt/airflow/dags/etl_dag.py
[2024-10-10T08:03:51.811+0000] {processor.py:830} INFO - Processing file /opt/airflow/dags/etl_dag.py for tasks to queue
[2024-10-10T08:03:51.813+0000] {logging_mixin.py:188} INFO - [2024-10-10T08:03:51.812+0000] {dagbag.py:538} INFO - Filling up the DagBag from /opt/airflow/dags/etl_dag.py
[2024-10-10T08:03:52.211+0000] {logging_mixin.py:188} INFO - AWS_ACCESS_KEY_ID: None
[2024-10-10T08:03:52.211+0000] {logging_mixin.py:188} INFO - AWS_SECRET_ACCESS_KEY: None
[2024-10-10T08:03:52.211+0000] {logging_mixin.py:188} INFO - AWS_DEFAULT_REGION: None
[2024-10-10T08:03:52.216+0000] {processor.py:840} INFO - DAG(s) 'etl_demo_dag' retrieved from /opt/airflow/dags/etl_dag.py
[2024-10-10T08:03:52.233+0000] {logging_mixin.py:188} INFO - [2024-10-10T08:03:52.233+0000] {dag.py:3036} INFO - Sync 1 DAGs
[2024-10-10T08:03:52.241+0000] {logging_mixin.py:188} INFO - [2024-10-10T08:03:52.241+0000] {dag.py:3823} INFO - Setting next_dagrun for etl_demo_dag to None, run_after=None
[2024-10-10T08:03:52.253+0000] {processor.py:183} INFO - Processing /opt/airflow/dags/etl_dag.py took 0.448 seconds
[2024-10-10T08:04:22.537+0000] {processor.py:161} INFO - Started process (PID=815) to work on /opt/airflow/dags/etl_dag.py
[2024-10-10T08:04:22.539+0000] {processor.py:830} INFO - Processing file /opt/airflow/dags/etl_dag.py for tasks to queue
[2024-10-10T08:04:22.540+0000] {logging_mixin.py:188} INFO - [2024-10-10T08:04:22.540+0000] {dagbag.py:538} INFO - Filling up the DagBag from /opt/airflow/dags/etl_dag.py
[2024-10-10T08:04:22.870+0000] {logging_mixin.py:188} INFO - AWS_ACCESS_KEY_ID: None
[2024-10-10T08:04:22.871+0000] {logging_mixin.py:188} INFO - AWS_SECRET_ACCESS_KEY: None
[2024-10-10T08:04:22.871+0000] {logging_mixin.py:188} INFO - AWS_DEFAULT_REGION: None
[2024-10-10T08:04:22.874+0000] {processor.py:840} INFO - DAG(s) 'etl_demo_dag' retrieved from /opt/airflow/dags/etl_dag.py
[2024-10-10T08:04:22.890+0000] {logging_mixin.py:188} INFO - [2024-10-10T08:04:22.890+0000] {dag.py:3036} INFO - Sync 1 DAGs
[2024-10-10T08:04:22.897+0000] {logging_mixin.py:188} INFO - [2024-10-10T08:04:22.897+0000] {dag.py:3823} INFO - Setting next_dagrun for etl_demo_dag to None, run_after=None
[2024-10-10T08:04:22.908+0000] {processor.py:183} INFO - Processing /opt/airflow/dags/etl_dag.py took 0.375 seconds
[2024-10-10T08:04:53.219+0000] {processor.py:161} INFO - Started process (PID=827) to work on /opt/airflow/dags/etl_dag.py
[2024-10-10T08:04:53.220+0000] {processor.py:830} INFO - Processing file /opt/airflow/dags/etl_dag.py for tasks to queue
[2024-10-10T08:04:53.221+0000] {logging_mixin.py:188} INFO - [2024-10-10T08:04:53.221+0000] {dagbag.py:538} INFO - Filling up the DagBag from /opt/airflow/dags/etl_dag.py
[2024-10-10T08:04:53.553+0000] {logging_mixin.py:188} INFO - AWS_ACCESS_KEY_ID: None
[2024-10-10T08:04:53.553+0000] {logging_mixin.py:188} INFO - AWS_SECRET_ACCESS_KEY: None
[2024-10-10T08:04:53.554+0000] {logging_mixin.py:188} INFO - AWS_DEFAULT_REGION: None
[2024-10-10T08:04:53.557+0000] {processor.py:840} INFO - DAG(s) 'etl_demo_dag' retrieved from /opt/airflow/dags/etl_dag.py
[2024-10-10T08:04:53.573+0000] {logging_mixin.py:188} INFO - [2024-10-10T08:04:53.573+0000] {dag.py:3036} INFO - Sync 1 DAGs
[2024-10-10T08:04:53.581+0000] {logging_mixin.py:188} INFO - [2024-10-10T08:04:53.581+0000] {dag.py:3823} INFO - Setting next_dagrun for etl_demo_dag to None, run_after=None
[2024-10-10T08:04:53.593+0000] {processor.py:183} INFO - Processing /opt/airflow/dags/etl_dag.py took 0.379 seconds
[2024-10-10T08:05:23.849+0000] {processor.py:161} INFO - Started process (PID=839) to work on /opt/airflow/dags/etl_dag.py
[2024-10-10T08:05:23.850+0000] {processor.py:830} INFO - Processing file /opt/airflow/dags/etl_dag.py for tasks to queue
[2024-10-10T08:05:23.852+0000] {logging_mixin.py:188} INFO - [2024-10-10T08:05:23.851+0000] {dagbag.py:538} INFO - Filling up the DagBag from /opt/airflow/dags/etl_dag.py
[2024-10-10T08:05:24.169+0000] {logging_mixin.py:188} INFO - AWS_ACCESS_KEY_ID: None
[2024-10-10T08:05:24.169+0000] {logging_mixin.py:188} INFO - AWS_SECRET_ACCESS_KEY: None
[2024-10-10T08:05:24.169+0000] {logging_mixin.py:188} INFO - AWS_DEFAULT_REGION: None
[2024-10-10T08:05:24.173+0000] {processor.py:840} INFO - DAG(s) 'etl_demo_dag' retrieved from /opt/airflow/dags/etl_dag.py
[2024-10-10T08:05:24.188+0000] {logging_mixin.py:188} INFO - [2024-10-10T08:05:24.188+0000] {dag.py:3036} INFO - Sync 1 DAGs
[2024-10-10T08:05:24.196+0000] {logging_mixin.py:188} INFO - [2024-10-10T08:05:24.196+0000] {dag.py:3823} INFO - Setting next_dagrun for etl_demo_dag to None, run_after=None
[2024-10-10T08:05:24.209+0000] {processor.py:183} INFO - Processing /opt/airflow/dags/etl_dag.py took 0.364 seconds
[2024-10-10T08:05:54.473+0000] {processor.py:161} INFO - Started process (PID=851) to work on /opt/airflow/dags/etl_dag.py
[2024-10-10T08:05:54.475+0000] {processor.py:830} INFO - Processing file /opt/airflow/dags/etl_dag.py for tasks to queue
[2024-10-10T08:05:54.476+0000] {logging_mixin.py:188} INFO - [2024-10-10T08:05:54.475+0000] {dagbag.py:538} INFO - Filling up the DagBag from /opt/airflow/dags/etl_dag.py
[2024-10-10T08:05:54.790+0000] {logging_mixin.py:188} INFO - AWS_ACCESS_KEY_ID: None
[2024-10-10T08:05:54.790+0000] {logging_mixin.py:188} INFO - AWS_SECRET_ACCESS_KEY: None
[2024-10-10T08:05:54.790+0000] {logging_mixin.py:188} INFO - AWS_DEFAULT_REGION: None
[2024-10-10T08:05:54.794+0000] {processor.py:840} INFO - DAG(s) 'etl_demo_dag' retrieved from /opt/airflow/dags/etl_dag.py
[2024-10-10T08:05:54.810+0000] {logging_mixin.py:188} INFO - [2024-10-10T08:05:54.809+0000] {dag.py:3036} INFO - Sync 1 DAGs
[2024-10-10T08:05:54.818+0000] {logging_mixin.py:188} INFO - [2024-10-10T08:05:54.817+0000] {dag.py:3823} INFO - Setting next_dagrun for etl_demo_dag to None, run_after=None
[2024-10-10T08:05:54.829+0000] {processor.py:183} INFO - Processing /opt/airflow/dags/etl_dag.py took 0.360 seconds
[2024-10-10T08:06:25.084+0000] {processor.py:161} INFO - Started process (PID=863) to work on /opt/airflow/dags/etl_dag.py
[2024-10-10T08:06:25.085+0000] {processor.py:830} INFO - Processing file /opt/airflow/dags/etl_dag.py for tasks to queue
[2024-10-10T08:06:25.087+0000] {logging_mixin.py:188} INFO - [2024-10-10T08:06:25.086+0000] {dagbag.py:538} INFO - Filling up the DagBag from /opt/airflow/dags/etl_dag.py
[2024-10-10T08:06:25.543+0000] {logging_mixin.py:188} INFO - AWS_ACCESS_KEY_ID: None
[2024-10-10T08:06:25.543+0000] {logging_mixin.py:188} INFO - AWS_SECRET_ACCESS_KEY: None
[2024-10-10T08:06:25.543+0000] {logging_mixin.py:188} INFO - AWS_DEFAULT_REGION: None
[2024-10-10T08:06:25.549+0000] {processor.py:840} INFO - DAG(s) 'etl_demo_dag' retrieved from /opt/airflow/dags/etl_dag.py
[2024-10-10T08:06:25.569+0000] {logging_mixin.py:188} INFO - [2024-10-10T08:06:25.568+0000] {dag.py:3036} INFO - Sync 1 DAGs
[2024-10-10T08:06:25.576+0000] {logging_mixin.py:188} INFO - [2024-10-10T08:06:25.576+0000] {dag.py:3823} INFO - Setting next_dagrun for etl_demo_dag to None, run_after=None
[2024-10-10T08:06:25.589+0000] {processor.py:183} INFO - Processing /opt/airflow/dags/etl_dag.py took 0.511 seconds
[2024-10-10T08:06:53.847+0000] {processor.py:161} INFO - Started process (PID=875) to work on /opt/airflow/dags/etl_dag.py
[2024-10-10T08:06:53.850+0000] {processor.py:830} INFO - Processing file /opt/airflow/dags/etl_dag.py for tasks to queue
[2024-10-10T08:06:53.851+0000] {logging_mixin.py:188} INFO - [2024-10-10T08:06:53.850+0000] {dagbag.py:538} INFO - Filling up the DagBag from /opt/airflow/dags/etl_dag.py
[2024-10-10T08:06:54.196+0000] {logging_mixin.py:188} INFO - AWS_ACCESS_KEY_ID: None
[2024-10-10T08:06:54.197+0000] {logging_mixin.py:188} INFO - AWS_SECRET_ACCESS_KEY: None
[2024-10-10T08:06:54.197+0000] {logging_mixin.py:188} INFO - AWS_DEFAULT_REGION: None
[2024-10-10T08:06:54.201+0000] {processor.py:840} INFO - DAG(s) 'etl_demo_dag' retrieved from /opt/airflow/dags/etl_dag.py
[2024-10-10T08:06:54.217+0000] {logging_mixin.py:188} INFO - [2024-10-10T08:06:54.217+0000] {dag.py:3036} INFO - Sync 1 DAGs
[2024-10-10T08:06:54.225+0000] {logging_mixin.py:188} INFO - [2024-10-10T08:06:54.225+0000] {dag.py:3823} INFO - Setting next_dagrun for etl_demo_dag to None, run_after=None
[2024-10-10T08:06:54.238+0000] {processor.py:183} INFO - Processing /opt/airflow/dags/etl_dag.py took 0.397 seconds
